------running for_loop.asl Wed Jul 13 20:27:50 EEST 2022------
testing for loop
1 is odd
2.0 is even
3.0 is odd
4.0 is even
5.0 is odd
6.0 is even
7.0 is odd
8.0 is even
9.0 is odd
10.0 is even
------done for_loop.asl------
------running main.asl Wed Jul 13 20:27:51 EEST 2022------
hello
x is grater than or equal 10
before for
after for
inside while loop
inside while loop
inside while loop
inside while loop
inside while loop
inside while loop
inside while loop
inside while loop
inside while loop
inside while loop
------done main.asl------
------running main2.asl Wed Jul 13 20:27:51 EEST 2022------
------ start ------
helllo
x = ยง123-=+'/>,````$%@! is 20.1 y is 70.0 z is 49.9
if 1
looks like (x > 29) & (z == 0)
inside second x 50
x is 30 y is 60 z is 299 w is 9
x > 29
x is 80
hi hafiz
-------testing while loop ------
inside while loop 1
inside while loop 2.0
inside while loop 3.0
inside while loop 4.0
inside while loop 5.0
inside while loop 6.0
inside while loop 7.0
inside while loop 8.0
inside while loop 9.0
---- end of program -----
------done main2.asl------
------running odd_even.asl Wed Jul 13 20:27:51 EEST 2022------
0 is even
1.0 is odd
2.0 is even
3.0 is odd
4.0 is even
5.0 is odd
6.0 is even
7.0 is odd
8.0 is even
9.0 is odd
10.0 is even
11.0 is odd
12.0 is even
13.0 is odd
14.0 is even
15.0 is odd
16.0 is even
17.0 is odd
18.0 is even
19.0 is odd
20.0 is even
21.0 is odd
22.0 is even
23.0 is odd
24.0 is even
25.0 is odd
26.0 is even
27.0 is odd
28.0 is even
29.0 is odd
30.0 is even
31.0 is odd
32.0 is even
33.0 is odd
34.0 is even
35.0 is odd
36.0 is even
37.0 is odd
38.0 is even
39.0 is odd
40.0 is even
41.0 is odd
42.0 is even
43.0 is odd
44.0 is even
45.0 is odd
46.0 is even
47.0 is odd
48.0 is even
49.0 is odd
50.0 is even
------done odd_even.asl------
------running prime.asl Wed Jul 13 20:27:51 EEST 2022------
2 is prime
3.0 is prime
5.0 is prime
7.0 is prime
11.0 is prime
13.0 is prime
17.0 is prime
19.0 is prime
23.0 is prime
29.0 is prime
31.0 is prime
37.0 is prime
41.0 is prime
43.0 is prime
47.0 is prime
53.0 is prime
59.0 is prime
61.0 is prime
67.0 is prime
71.0 is prime
73.0 is prime
79.0 is prime
83.0 is prime
89.0 is prime
97.0 is prime
101.0 is prime
103.0 is prime
107.0 is prime
109.0 is prime
113.0 is prime
127.0 is prime
131.0 is prime
137.0 is prime
139.0 is prime
149.0 is prime
151.0 is prime
157.0 is prime
163.0 is prime
167.0 is prime
173.0 is prime
179.0 is prime
181.0 is prime
191.0 is prime
193.0 is prime
197.0 is prime
199.0 is prime
211.0 is prime
223.0 is prime
227.0 is prime
229.0 is prime
233.0 is prime
239.0 is prime
241.0 is prime
251.0 is prime
257.0 is prime
263.0 is prime
269.0 is prime
271.0 is prime
277.0 is prime
281.0 is prime
283.0 is prime
293.0 is prime
307.0 is prime
311.0 is prime
313.0 is prime
317.0 is prime
331.0 is prime
337.0 is prime
347.0 is prime
349.0 is prime
353.0 is prime
359.0 is prime
367.0 is prime
373.0 is prime
379.0 is prime
383.0 is prime
389.0 is prime
397.0 is prime
401.0 is prime
409.0 is prime
419.0 is prime
421.0 is prime
431.0 is prime
433.0 is prime
439.0 is prime
443.0 is prime
449.0 is prime
457.0 is prime
461.0 is prime
463.0 is prime
467.0 is prime
479.0 is prime
487.0 is prime
491.0 is prime
499.0 is prime
503.0 is prime
509.0 is prime
521.0 is prime
523.0 is prime
541.0 is prime
